This is pdfTeX, Version 3.14159265-2.6-1.40.17 (TeX Live 2016) (preloaded format=pdflatex 2016.6.8)  11 JUN 2017 18:37
entering extended mode
 restricted \write18 enabled.
 %&-line parsing enabled.
**CSI477-2017-01-trabalho-final-proposta.tex
(./CSI477-2017-01-trabalho-final-proposta.tex
LaTeX2e <2016/03/31>
Babel <3.9r> and hyphenation patterns for 22 language(s) loaded.
! TeX capacity exceeded, sorry [parameter stack size=10000].
\@fileswithoptions #1->
                       \@ifnextchar [{\@fileswith@ptions #1}{\@fileswith@pti...
l.2 \usepackage[utf8]
                     {inputenc}
If you really absolutely need more capacity,
you can ask a wizard to enlarge me.

 
Here is how much of TeX's memory you used:
 5 strings out of 494447
 251 string characters out of 6166767
 140561 words of memory out of 5000000
 3441 multiletter control sequences out of 15000+600000
 3640 words of font info for 14 fonts, out of 8000000 for 9000
 319 hyphenation exceptions out of 8191
 4288i,0n,10001p,81b,8s stack positions out of 5000i,500n,10000p,200000b,80000s
!  ==> Fatal error occurred, no output PDF file produced!
